2020-11-26 05:19:46,429 INFO o.a.j.u.JMeterUtils: Setting Locale to en_EN
2020-11-26 05:19:46,473 INFO o.a.j.JMeter: Loading user properties from: /usr/local/Cellar/jmeter/5.3_1/libexec/bin/user.properties
2020-11-26 05:19:46,474 INFO o.a.j.JMeter: Loading system properties from: /usr/local/Cellar/jmeter/5.3_1/libexec/bin/system.properties
2020-11-26 05:19:46,476 INFO o.a.j.JMeter: Copyright (c) 1998-2020 The Apache Software Foundation
2020-11-26 05:19:46,476 INFO o.a.j.JMeter: Version 5.3
2020-11-26 05:19:46,476 INFO o.a.j.JMeter: java.version=15.0.1
2020-11-26 05:19:46,476 INFO o.a.j.JMeter: java.vm.name=OpenJDK 64-Bit Server VM
2020-11-26 05:19:46,477 INFO o.a.j.JMeter: os.name=Mac OS X
2020-11-26 05:19:46,477 INFO o.a.j.JMeter: os.arch=x86_64
2020-11-26 05:19:46,477 INFO o.a.j.JMeter: os.version=10.15.7
2020-11-26 05:19:46,477 INFO o.a.j.JMeter: file.encoding=UTF-8
2020-11-26 05:19:46,477 INFO o.a.j.JMeter: java.awt.headless=null
2020-11-26 05:19:46,477 INFO o.a.j.JMeter: Max memory     =1073741824
2020-11-26 05:19:46,478 INFO o.a.j.JMeter: Available Processors =4
2020-11-26 05:19:46,496 INFO o.a.j.JMeter: Default Locale=English (EN)
2020-11-26 05:19:46,496 INFO o.a.j.JMeter: JMeter  Locale=English (EN)
2020-11-26 05:19:46,497 INFO o.a.j.JMeter: JMeterHome=/usr/local/Cellar/jmeter/5.3_1/libexec
2020-11-26 05:19:46,497 INFO o.a.j.JMeter: user.dir  =/Users/utilisateur/Exercism/docker/learndocker.online/sinatra
2020-11-26 05:19:46,497 INFO o.a.j.JMeter: PWD       =/Users/utilisateur/Exercism/docker/learndocker.online/sinatra
2020-11-26 05:19:46,504 INFO o.a.j.JMeter: IP: 192.168.0.41 Name: MacBook-Pro-2.local FullName: 192.168.0.41
2020-11-26 05:19:47,151 INFO o.a.j.JMeter: Setting LAF to: com.github.weisj.darklaf.DarkLaf:com.github.weisj.darklaf.theme.DarculaTheme
2020-11-26 05:19:49,273 INFO o.a.j.JMeter: Loaded icon properties from org/apache/jmeter/images/icon.properties
2020-11-26 05:19:50,677 INFO o.j.r.JARSourceHTTP: Requesting https://jmeter-plugins.org/repo/?installID=mac_os_x-134aec8c4193919d3e48c48681945c46-gui
2020-11-26 05:19:52,642 INFO o.j.r.PluginManager: Plugins Status: [jpgc-plugins-manager=1.4, jmeter-core=5.3, jmeter-ftp=5.3, jmeter-http=5.3, jmeter-jdbc=5.3, jmeter-jms=5.3, jmeter-junit=5.3, jmeter-java=5.3, jmeter-ldap=5.3, jmeter-mail=5.3, jmeter-mongodb=5.3, jmeter-native=5.3, jmeter-tcp=5.3, jmeter-components=5.3]
2020-11-26 05:19:52,644 INFO o.j.r.PluginManagerMenuItem: Plugins Manager has upgrades: [jpgc-plugins-manager]
2020-11-26 05:23:50,551 INFO o.a.j.g.a.t.TemplateManager: Reading templates from: /usr/local/Cellar/jmeter/5.3_1/libexec/bin/templates/templates.xml
2020-11-26 05:24:33,484 ERROR o.a.j.g.a.ActionRouter: Error processing org.apache.jmeter.gui.action.Start@47b179d7
java.lang.ArrayIndexOutOfBoundsException: Index 0 out of bounds for length 0
	at org.apache.jmeter.gui.action.Start.startEngine(Start.java:187) ~[ApacheJMeter_core.jar:5.3]
	at org.apache.jmeter.gui.action.Start.doAction(Start.java:113) ~[ApacheJMeter_core.jar:5.3]
	at org.apache.jmeter.gui.action.ActionRouter.performAction(ActionRouter.java:87) ~[ApacheJMeter_core.jar:5.3]
	at org.apache.jmeter.gui.action.ActionRouter.lambda$actionPerformed$0(ActionRouter.java:69) ~[ApacheJMeter_core.jar:5.3]
	at java.awt.event.InvocationEvent.dispatch(InvocationEvent.java:316) ~[?:?]
	at java.awt.EventQueue.dispatchEventImpl(EventQueue.java:770) ~[?:?]
	at java.awt.EventQueue$4.run(EventQueue.java:721) ~[?:?]
	at java.awt.EventQueue$4.run(EventQueue.java:715) ~[?:?]
	at java.security.AccessController.doPrivileged(AccessController.java:391) [?:?]
	at java.security.ProtectionDomain$JavaSecurityAccessImpl.doIntersectionPrivilege(ProtectionDomain.java:85) [?:?]
	at java.awt.EventQueue.dispatchEvent(EventQueue.java:740) [?:?]
	at java.awt.EventDispatchThread.pumpOneEventForFilters(EventDispatchThread.java:203) [?:?]
	at java.awt.EventDispatchThread.pumpEventsForFilter(EventDispatchThread.java:124) [?:?]
	at java.awt.EventDispatchThread.pumpEventsForHierarchy(EventDispatchThread.java:113) [?:?]
	at java.awt.EventDispatchThread.pumpEvents(EventDispatchThread.java:109) [?:?]
	at java.awt.EventDispatchThread.pumpEvents(EventDispatchThread.java:101) [?:?]
	at java.awt.EventDispatchThread.run(EventDispatchThread.java:90) [?:?]
2020-11-26 05:24:38,458 ERROR o.a.j.g.a.ActionRouter: Error processing org.apache.jmeter.gui.action.Start@47b179d7
java.lang.ArrayIndexOutOfBoundsException: Index 0 out of bounds for length 0
	at org.apache.jmeter.gui.action.Start.startEngine(Start.java:187) ~[ApacheJMeter_core.jar:5.3]
	at org.apache.jmeter.gui.action.Start.doAction(Start.java:116) ~[ApacheJMeter_core.jar:5.3]
	at org.apache.jmeter.gui.action.ActionRouter.performAction(ActionRouter.java:87) ~[ApacheJMeter_core.jar:5.3]
	at org.apache.jmeter.gui.action.ActionRouter.lambda$actionPerformed$0(ActionRouter.java:69) ~[ApacheJMeter_core.jar:5.3]
	at java.awt.event.InvocationEvent.dispatch(InvocationEvent.java:316) ~[?:?]
	at java.awt.EventQueue.dispatchEventImpl(EventQueue.java:770) ~[?:?]
	at java.awt.EventQueue$4.run(EventQueue.java:721) ~[?:?]
	at java.awt.EventQueue$4.run(EventQueue.java:715) ~[?:?]
	at java.security.AccessController.doPrivileged(AccessController.java:391) [?:?]
	at java.security.ProtectionDomain$JavaSecurityAccessImpl.doIntersectionPrivilege(ProtectionDomain.java:85) [?:?]
	at java.awt.EventQueue.dispatchEvent(EventQueue.java:740) [?:?]
	at java.awt.EventDispatchThread.pumpOneEventForFilters(EventDispatchThread.java:203) [?:?]
	at java.awt.EventDispatchThread.pumpEventsForFilter(EventDispatchThread.java:124) [?:?]
	at java.awt.EventDispatchThread.pumpEventsForHierarchy(EventDispatchThread.java:113) [?:?]
	at java.awt.EventDispatchThread.pumpEvents(EventDispatchThread.java:109) [?:?]
	at java.awt.EventDispatchThread.pumpEvents(EventDispatchThread.java:101) [?:?]
	at java.awt.EventDispatchThread.run(EventDispatchThread.java:90) [?:?]
